<?xml version="1.0" encoding="UTF-8"?>
<testsuite xmlns:xsi="http://www.w3.org/2001/XMLSchema-instance" xsi:noNamespaceSchemaLocation="https://maven.apache.org/surefire/maven-surefire-plugin/xsd/surefire-test-report-3.0.xsd" version="3.0" name="auftragsverwaltung.domain.OrderDomainTest" time="0.037" tests="2" errors="0" skipped="0" failures="0">
  <properties>
    <property name="java.specification.version" value="22"/>
    <property name="sun.cpu.isalist" value="amd64"/>
    <property name="sun.jnu.encoding" value="Cp1252"/>
    <property name="java.class.path" value="C:\Users\denni\git\devops\order-backend\target\test-classes;C:\Users\denni\git\devops\order-backend\target\classes;C:\Users\denni\.m2\repository\org\springframework\boot\spring-boot-starter-web\3.3.2\spring-boot-starter-web-3.3.2.jar;C:\Users\denni\.m2\repository\org\springframework\boot\spring-boot-starter\3.3.2\spring-boot-starter-3.3.2.jar;C:\Users\denni\.m2\repository\org\springframework\boot\spring-boot\3.3.2\spring-boot-3.3.2.jar;C:\Users\denni\.m2\repository\org\springframework\boot\spring-boot-autoconfigure\3.3.2\spring-boot-autoconfigure-3.3.2.jar;C:\Users\denni\.m2\repository\org\springframework\boot\spring-boot-starter-logging\3.3.2\spring-boot-starter-logging-3.3.2.jar;C:\Users\denni\.m2\repository\ch\qos\logback\logback-classic\1.5.6\logback-classic-1.5.6.jar;C:\Users\denni\.m2\repository\ch\qos\logback\logback-core\1.5.6\logback-core-1.5.6.jar;C:\Users\denni\.m2\repository\org\apache\logging\log4j\log4j-to-slf4j\2.23.1\log4j-to-slf4j-2.23.1.jar;C:\Users\denni\.m2\repository\org\apache\logging\log4j\log4j-api\2.23.1\log4j-api-2.23.1.jar;C:\Users\denni\.m2\repository\org\slf4j\jul-to-slf4j\2.0.13\jul-to-slf4j-2.0.13.jar;C:\Users\denni\.m2\repository\jakarta\annotation\jakarta.annotation-api\2.1.1\jakarta.annotation-api-2.1.1.jar;C:\Users\denni\.m2\repository\org\yaml\snakeyaml\2.2\snakeyaml-2.2.jar;C:\Users\denni\.m2\repository\org\springframework\boot\spring-boot-starter-json\3.3.2\spring-boot-starter-json-3.3.2.jar;C:\Users\denni\.m2\repository\com\fasterxml\jackson\core\jackson-databind\2.17.2\jackson-databind-2.17.2.jar;C:\Users\denni\.m2\repository\com\fasterxml\jackson\core\jackson-annotations\2.17.2\jackson-annotations-2.17.2.jar;C:\Users\denni\.m2\repository\com\fasterxml\jackson\core\jackson-core\2.17.2\jackson-core-2.17.2.jar;C:\Users\denni\.m2\repository\com\fasterxml\jackson\datatype\jackson-datatype-jdk8\2.17.2\jackson-datatype-jdk8-2.17.2.jar;C:\Users\denni\.m2\repository\com\fasterxml\jackson\datatype\jackson-datatype-jsr310\2.17.2\jackson-datatype-jsr310-2.17.2.jar;C:\Users\denni\.m2\repository\com\fasterxml\jackson\module\jackson-module-parameter-names\2.17.2\jackson-module-parameter-names-2.17.2.jar;C:\Users\denni\.m2\repository\org\springframework\boot\spring-boot-starter-tomcat\3.3.2\spring-boot-starter-tomcat-3.3.2.jar;C:\Users\denni\.m2\repository\org\apache\tomcat\embed\tomcat-embed-core\10.1.26\tomcat-embed-core-10.1.26.jar;C:\Users\denni\.m2\repository\org\apache\tomcat\embed\tomcat-embed-el\10.1.26\tomcat-embed-el-10.1.26.jar;C:\Users\denni\.m2\repository\org\apache\tomcat\embed\tomcat-embed-websocket\10.1.26\tomcat-embed-websocket-10.1.26.jar;C:\Users\denni\.m2\repository\org\springframework\spring-web\6.1.11\spring-web-6.1.11.jar;C:\Users\denni\.m2\repository\org\springframework\spring-beans\6.1.11\spring-beans-6.1.11.jar;C:\Users\denni\.m2\repository\io\micrometer\micrometer-observation\1.13.2\micrometer-observation-1.13.2.jar;C:\Users\denni\.m2\repository\io\micrometer\micrometer-commons\1.13.2\micrometer-commons-1.13.2.jar;C:\Users\denni\.m2\repository\org\springframework\spring-webmvc\6.1.11\spring-webmvc-6.1.11.jar;C:\Users\denni\.m2\repository\org\springframework\spring-aop\6.1.11\spring-aop-6.1.11.jar;C:\Users\denni\.m2\repository\org\springframework\spring-context\6.1.11\spring-context-6.1.11.jar;C:\Users\denni\.m2\repository\org\springframework\spring-expression\6.1.11\spring-expression-6.1.11.jar;C:\Users\denni\.m2\repository\org\springframework\boot\spring-boot-starter-test\3.3.2\spring-boot-starter-test-3.3.2.jar;C:\Users\denni\.m2\repository\org\springframework\boot\spring-boot-test\3.3.2\spring-boot-test-3.3.2.jar;C:\Users\denni\.m2\repository\org\springframework\boot\spring-boot-test-autoconfigure\3.3.2\spring-boot-test-autoconfigure-3.3.2.jar;C:\Users\denni\.m2\repository\com\jayway\jsonpath\json-path\2.9.0\json-path-2.9.0.jar;C:\Users\denni\.m2\repository\jakarta\xml\bind\jakarta.xml.bind-api\4.0.2\jakarta.xml.bind-api-4.0.2.jar;C:\Users\denni\.m2\repository\jakarta\activation\jakarta.activation-api\2.1.3\jakarta.activation-api-2.1.3.jar;C:\Users\denni\.m2\repository\net\minidev\json-smart\2.5.1\json-smart-2.5.1.jar;C:\Users\denni\.m2\repository\net\minidev\accessors-smart\2.5.1\accessors-smart-2.5.1.jar;C:\Users\denni\.m2\repository\org\ow2\asm\asm\9.6\asm-9.6.jar;C:\Users\denni\.m2\repository\org\awaitility\awaitility\4.2.1\awaitility-4.2.1.jar;C:\Users\denni\.m2\repository\org\hamcrest\hamcrest\2.2\hamcrest-2.2.jar;C:\Users\denni\.m2\repository\org\junit\jupiter\junit-jupiter\5.10.3\junit-jupiter-5.10.3.jar;C:\Users\denni\.m2\repository\org\junit\jupiter\junit-jupiter-params\5.10.3\junit-jupiter-params-5.10.3.jar;C:\Users\denni\.m2\repository\org\junit\jupiter\junit-jupiter-engine\5.10.3\junit-jupiter-engine-5.10.3.jar;C:\Users\denni\.m2\repository\org\junit\platform\junit-platform-engine\1.10.3\junit-platform-engine-1.10.3.jar;C:\Users\denni\.m2\repository\org\mockito\mockito-core\5.11.0\mockito-core-5.11.0.jar;C:\Users\denni\.m2\repository\net\bytebuddy\byte-buddy-agent\1.14.18\byte-buddy-agent-1.14.18.jar;C:\Users\denni\.m2\repository\org\objenesis\objenesis\3.3\objenesis-3.3.jar;C:\Users\denni\.m2\repository\org\mockito\mockito-junit-jupiter\5.11.0\mockito-junit-jupiter-5.11.0.jar;C:\Users\denni\.m2\repository\org\skyscreamer\jsonassert\1.5.3\jsonassert-1.5.3.jar;C:\Users\denni\.m2\repository\com\vaadin\external\google\android-json\0.0.20131108.vaadin1\android-json-0.0.20131108.vaadin1.jar;C:\Users\denni\.m2\repository\org\springframework\spring-core\6.1.11\spring-core-6.1.11.jar;C:\Users\denni\.m2\repository\org\springframework\spring-jcl\6.1.11\spring-jcl-6.1.11.jar;C:\Users\denni\.m2\repository\org\springframework\spring-test\6.1.11\spring-test-6.1.11.jar;C:\Users\denni\.m2\repository\org\xmlunit\xmlunit-core\2.9.1\xmlunit-core-2.9.1.jar;C:\Users\denni\.m2\repository\org\assertj\assertj-core\3.25.3\assertj-core-3.25.3.jar;C:\Users\denni\.m2\repository\net\bytebuddy\byte-buddy\1.14.18\byte-buddy-1.14.18.jar;C:\Users\denni\.m2\repository\org\testcontainers\junit-jupiter\1.19.7\junit-jupiter-1.19.7.jar;C:\Users\denni\.m2\repository\org\testcontainers\testcontainers\1.19.8\testcontainers-1.19.8.jar;C:\Users\denni\.m2\repository\junit\junit\4.13.2\junit-4.13.2.jar;C:\Users\denni\.m2\repository\org\hamcrest\hamcrest-core\2.2\hamcrest-core-2.2.jar;C:\Users\denni\.m2\repository\org\apache\commons\commons-compress\1.24.0\commons-compress-1.24.0.jar;C:\Users\denni\.m2\repository\org\rnorth\duct-tape\duct-tape\1.0.8\duct-tape-1.0.8.jar;C:\Users\denni\.m2\repository\com\github\docker-java\docker-java-api\3.3.6\docker-java-api-3.3.6.jar;C:\Users\denni\.m2\repository\com\github\docker-java\docker-java-transport-zerodep\3.3.6\docker-java-transport-zerodep-3.3.6.jar;C:\Users\denni\.m2\repository\com\github\docker-java\docker-java-transport\3.3.6\docker-java-transport-3.3.6.jar;C:\Users\denni\.m2\repository\net\java\dev\jna\jna\5.13.0\jna-5.13.0.jar;C:\Users\denni\.m2\repository\org\testcontainers\postgresql\1.19.7\postgresql-1.19.7.jar;C:\Users\denni\.m2\repository\org\testcontainers\jdbc\1.19.8\jdbc-1.19.8.jar;C:\Users\denni\.m2\repository\org\testcontainers\database-commons\1.19.8\database-commons-1.19.8.jar;C:\Users\denni\.m2\repository\org\wiremock\wiremock-standalone\3.7.0\wiremock-standalone-3.7.0.jar;C:\Users\denni\.m2\repository\au\com\dius\pact\consumer\junit5\4.6.11\junit5-4.6.11.jar;C:\Users\denni\.m2\repository\au\com\dius\pact\consumer\4.6.11\consumer-4.6.11.jar;C:\Users\denni\.m2\repository\au\com\dius\pact\core\support\4.6.11\support-4.6.11.jar;C:\Users\denni\.m2\repository\io\github\oshai\kotlin-logging-jvm\5.1.4\kotlin-logging-jvm-5.1.4.jar;C:\Users\denni\.m2\repository\org\jetbrains\kotlin\kotlin-stdlib-jdk8\1.9.24\kotlin-stdlib-jdk8-1.9.24.jar;C:\Users\denni\.m2\repository\commons-codec\commons-codec\1.16.1\commons-codec-1.16.1.jar;C:\Users\denni\.m2\repository\au\com\dius\pact\core\model\4.6.11\model-4.6.11.jar;C:\Users\denni\.m2\repository\au\com\dius\pact\core\pactbroker\4.6.11\pactbroker-4.6.11.jar;C:\Users\denni\.m2\repository\org\apache\commons\commons-collections4\4.4\commons-collections4-4.4.jar;C:\Users\denni\.m2\repository\javax\mail\mail\1.5.0-b01\mail-1.5.0-b01.jar;C:\Users\denni\.m2\repository\javax\activation\activation\1.1\activation-1.1.jar;C:\Users\denni\.m2\repository\io\ktor\ktor-http-jvm\2.3.8\ktor-http-jvm-2.3.8.jar;C:\Users\denni\.m2\repository\org\jetbrains\kotlin\kotlin-stdlib-jdk7\1.9.24\kotlin-stdlib-jdk7-1.9.24.jar;C:\Users\denni\.m2\repository\org\jetbrains\kotlinx\kotlinx-coroutines-jdk8\1.8.1\kotlinx-coroutines-jdk8-1.8.1.jar;C:\Users\denni\.m2\repository\org\jetbrains\kotlinx\kotlinx-coroutines-core-jvm\1.8.1\kotlinx-coroutines-core-jvm-1.8.1.jar;C:\Users\denni\.m2\repository\io\ktor\ktor-utils-jvm\2.3.8\ktor-utils-jvm-2.3.8.jar;C:\Users\denni\.m2\repository\io\ktor\ktor-io-jvm\2.3.8\ktor-io-jvm-2.3.8.jar;C:\Users\denni\.m2\repository\commons-beanutils\commons-beanutils\1.9.4\commons-beanutils-1.9.4.jar;C:\Users\denni\.m2\repository\commons-logging\commons-logging\1.2\commons-logging-1.2.jar;C:\Users\denni\.m2\repository\commons-collections\commons-collections\3.2.2\commons-collections-3.2.2.jar;C:\Users\denni\.m2\repository\au\com\dius\pact\core\matchers\4.6.11\matchers-4.6.11.jar;C:\Users\denni\.m2\repository\io\github\java-diff-utils\java-diff-utils\4.12\java-diff-utils-4.12.jar;C:\Users\denni\.m2\repository\org\atteo\evo-inflector\1.3\evo-inflector-1.3.jar;C:\Users\denni\.m2\repository\com\github\ajalt\mordant\1.2.1\mordant-1.2.1.jar;C:\Users\denni\.m2\repository\com\github\ajalt\colormath\1.2.0\colormath-1.2.0.jar;C:\Users\denni\.m2\repository\com\github\zafarkhaja\java-semver\0.9.0\java-semver-0.9.0.jar;C:\Users\denni\.m2\repository\org\apache\httpcomponents\client5\httpclient5\5.3.1\httpclient5-5.3.1.jar;C:\Users\denni\.m2\repository\org\apache\httpcomponents\core5\httpcore5\5.2.5\httpcore5-5.2.5.jar;C:\Users\denni\.m2\repository\org\apache\httpcomponents\core5\httpcore5-h2\5.2.5\httpcore5-h2-5.2.5.jar;C:\Users\denni\.m2\repository\org\json\json\20240205\json-20240205.jar;C:\Users\denni\.m2\repository\org\apache\httpcomponents\client5\httpclient5-fluent\5.3.1\httpclient5-fluent-5.3.1.jar;C:\Users\denni\.m2\repository\com\googlecode\java-diff-utils\diffutils\1.3.0\diffutils-1.3.0.jar;C:\Users\denni\.m2\repository\dk\brics\automaton\automaton\1.11-8\automaton-1.11-8.jar;C:\Users\denni\.m2\repository\io\netty\netty-handler\4.1.111.Final\netty-handler-4.1.111.Final.jar;C:\Users\denni\.m2\repository\io\netty\netty-common\4.1.111.Final\netty-common-4.1.111.Final.jar;C:\Users\denni\.m2\repository\io\netty\netty-resolver\4.1.111.Final\netty-resolver-4.1.111.Final.jar;C:\Users\denni\.m2\repository\io\netty\netty-buffer\4.1.111.Final\netty-buffer-4.1.111.Final.jar;C:\Users\denni\.m2\repository\io\netty\netty-transport\4.1.111.Final\netty-transport-4.1.111.Final.jar;C:\Users\denni\.m2\repository\io\netty\netty-transport-native-unix-common\4.1.111.Final\netty-transport-native-unix-common-4.1.111.Final.jar;C:\Users\denni\.m2\repository\io\netty\netty-codec\4.1.111.Final\netty-codec-4.1.111.Final.jar;C:\Users\denni\.m2\repository\io\ktor\ktor-server-netty\2.3.8\ktor-server-netty-2.3.8.jar;C:\Users\denni\.m2\repository\org\jetbrains\kotlinx\kotlinx-coroutines-core\1.8.1\kotlinx-coroutines-core-1.8.1.jar;C:\Users\denni\.m2\repository\org\jetbrains\kotlin\kotlin-stdlib-common\1.9.24\kotlin-stdlib-common-1.9.24.jar;C:\Users\denni\.m2\repository\io\ktor\ktor-network-tls-certificates\2.3.8\ktor-network-tls-certificates-2.3.8.jar;C:\Users\denni\.m2\repository\io\ktor\ktor-server-call-logging\2.3.8\ktor-server-call-logging-2.3.8.jar;C:\Users\denni\.m2\repository\io\ktor\ktor-server-core\2.3.8\ktor-server-core-2.3.8.jar;C:\Users\denni\.m2\repository\org\jetbrains\kotlinx\atomicfu\0.19.0\atomicfu-0.19.0.jar;C:\Users\denni\.m2\repository\org\jetbrains\kotlinx\atomicfu-jvm\0.19.0\atomicfu-jvm-0.19.0.jar;C:\Users\denni\.m2\repository\io\ktor\ktor-utils\2.3.8\ktor-utils-2.3.8.jar;C:\Users\denni\.m2\repository\io\ktor\ktor-io\2.3.8\ktor-io-2.3.8.jar;C:\Users\denni\.m2\repository\io\ktor\ktor-http\2.3.8\ktor-http-2.3.8.jar;C:\Users\denni\.m2\repository\io\ktor\ktor-serialization\2.3.8\ktor-serialization-2.3.8.jar;C:\Users\denni\.m2\repository\io\ktor\ktor-websockets\2.3.8\ktor-websockets-2.3.8.jar;C:\Users\denni\.m2\repository\io\ktor\ktor-events\2.3.8\ktor-events-2.3.8.jar;C:\Users\denni\.m2\repository\io\pact\plugin\driver\core\0.4.2\core-0.4.2.jar;C:\Users\denni\.m2\repository\com\vdurmont\semver4j\3.1.0\semver4j-3.1.0.jar;C:\Users\denni\.m2\repository\io\grpc\grpc-protobuf\1.56.1\grpc-protobuf-1.56.1.jar;C:\Users\denni\.m2\repository\io\grpc\grpc-api\1.56.1\grpc-api-1.56.1.jar;C:\Users\denni\.m2\repository\io\grpc\grpc-context\1.56.1\grpc-context-1.56.1.jar;C:\Users\denni\.m2\repository\com\google\code\findbugs\jsr305\3.0.2\jsr305-3.0.2.jar;C:\Users\denni\.m2\repository\com\google\protobuf\protobuf-java\3.22.3\protobuf-java-3.22.3.jar;C:\Users\denni\.m2\repository\com\google\api\grpc\proto-google-common-protos\2.17.0\proto-google-common-protos-2.17.0.jar;C:\Users\denni\.m2\repository\io\grpc\grpc-protobuf-lite\1.56.1\grpc-protobuf-lite-1.56.1.jar;C:\Users\denni\.m2\repository\io\grpc\grpc-stub\1.56.1\grpc-stub-1.56.1.jar;C:\Users\denni\.m2\repository\com\google\errorprone\error_prone_annotations\2.18.0\error_prone_annotations-2.18.0.jar;C:\Users\denni\.m2\repository\io\grpc\grpc-netty\1.56.1\grpc-netty-1.56.1.jar;C:\Users\denni\.m2\repository\io\grpc\grpc-core\1.56.1\grpc-core-1.56.1.jar;C:\Users\denni\.m2\repository\com\google\android\annotations\4.1.1.4\annotations-4.1.1.4.jar;C:\Users\denni\.m2\repository\org\codehaus\mojo\animal-sniffer-annotations\1.23\animal-sniffer-annotations-1.23.jar;C:\Users\denni\.m2\repository\io\netty\netty-codec-http2\4.1.111.Final\netty-codec-http2-4.1.111.Final.jar;C:\Users\denni\.m2\repository\io\netty\netty-codec-http\4.1.111.Final\netty-codec-http-4.1.111.Final.jar;C:\Users\denni\.m2\repository\io\netty\netty-handler-proxy\4.1.111.Final\netty-handler-proxy-4.1.111.Final.jar;C:\Users\denni\.m2\repository\io\netty\netty-codec-socks\4.1.111.Final\netty-codec-socks-4.1.111.Final.jar;C:\Users\denni\.m2\repository\io\perfmark\perfmark-api\0.26.0\perfmark-api-0.26.0.jar;C:\Users\denni\.m2\repository\javax\annotation\javax.annotation-api\1.3.2\javax.annotation-api-1.3.2.jar;C:\Users\denni\.m2\repository\com\google\guava\guava\31.1-jre\guava-31.1-jre.jar;C:\Users\denni\.m2\repository\com\google\guava\failureaccess\1.0.1\failureaccess-1.0.1.jar;C:\Users\denni\.m2\repository\com\google\guava\listenablefuture\9999.0-empty-to-avoid-conflict-with-guava\listenablefuture-9999.0-empty-to-avoid-conflict-with-guava.jar;C:\Users\denni\.m2\repository\org\checkerframework\checker-qual\3.12.0\checker-qual-3.12.0.jar;C:\Users\denni\.m2\repository\com\google\j2objc\j2objc-annotations\1.3\j2objc-annotations-1.3.jar;C:\Users\denni\.m2\repository\javax\json\javax.json-api\1.1.4\javax.json-api-1.1.4.jar;C:\Users\denni\.m2\repository\org\glassfish\javax.json\1.1.4\javax.json-1.1.4.jar;C:\Users\denni\.m2\repository\com\moandjiezana\toml\toml4j\0.7.2\toml4j-0.7.2.jar;C:\Users\denni\.m2\repository\com\google\code\gson\gson\2.10.1\gson-2.10.1.jar;C:\Users\denni\.m2\repository\org\rauschig\jarchivelib\1.2.0\jarchivelib-1.2.0.jar;C:\Users\denni\.m2\repository\org\apache\commons\commons-lang3\3.14.0\commons-lang3-3.14.0.jar;C:\Users\denni\.m2\repository\com\github\mifmif\generex\1.0.2\generex-1.0.2.jar;C:\Users\denni\.m2\repository\commons-io\commons-io\2.14.0\commons-io-2.14.0.jar;C:\Users\denni\.m2\repository\org\apache\commons\commons-text\1.10.0\commons-text-1.10.0.jar;C:\Users\denni\.m2\repository\org\apache\tika\tika-core\2.9.1\tika-core-2.9.1.jar;C:\Users\denni\.m2\repository\org\junit\jupiter\junit-jupiter-api\5.10.3\junit-jupiter-api-5.10.3.jar;C:\Users\denni\.m2\repository\org\opentest4j\opentest4j\1.3.0\opentest4j-1.3.0.jar;C:\Users\denni\.m2\repository\org\junit\platform\junit-platform-commons\1.10.3\junit-platform-commons-1.10.3.jar;C:\Users\denni\.m2\repository\org\apiguardian\apiguardian-api\1.1.2\apiguardian-api-1.1.2.jar;C:\Users\denni\.m2\repository\org\jetbrains\kotlin\kotlin-stdlib\1.9.24\kotlin-stdlib-1.9.24.jar;C:\Users\denni\.m2\repository\org\jetbrains\annotations\13.0\annotations-13.0.jar;C:\Users\denni\.m2\repository\org\jetbrains\kotlin\kotlin-reflect\1.9.24\kotlin-reflect-1.9.24.jar;C:\Users\denni\.m2\repository\org\slf4j\slf4j-api\2.0.13\slf4j-api-2.0.13.jar;C:\Users\denni\.m2\repository\org\jacoco\org.jacoco.agent\0.8.11\org.jacoco.agent-0.8.11.jar;C:\Users\denni\.m2\repository\org\projectlombok\lombok\1.18.34\lombok-1.18.34.jar;"/>
    <property name="java.vm.vendor" value="Oracle Corporation"/>
    <property name="sun.arch.data.model" value="64"/>
    <property name="user.variant" value=""/>
    <property name="java.vendor.url" value="https://java.oracle.com/"/>
    <property name="user.timezone" value="Europe/Berlin"/>
    <property name="os.name" value="Windows 11"/>
    <property name="java.vm.specification.version" value="22"/>
    <property name="sun.java.launcher" value="SUN_STANDARD"/>
    <property name="user.country" value="DE"/>
    <property name="sun.boot.library.path" value="C:\Program Files\Java\jdk-22\bin"/>
    <property name="sun.java.command" value="C:\Users\denni\AppData\Local\Temp\surefire9240435659603089386\surefirebooter-20251005112742839_6.jar C:\Users\denni\AppData\Local\Temp\surefire9240435659603089386 2025-10-05T11-27-42_468-jvmRun1 surefire-20251005112742839_2tmp surefire_1-20251005112742839_4tmp"/>
    <property name="jdk.debug" value="release"/>
    <property name="surefire.test.class.path" value="C:\Users\denni\git\devops\order-backend\target\test-classes;C:\Users\denni\git\devops\order-backend\target\classes;C:\Users\denni\.m2\repository\org\springframework\boot\spring-boot-starter-web\3.3.2\spring-boot-starter-web-3.3.2.jar;C:\Users\denni\.m2\repository\org\springframework\boot\spring-boot-starter\3.3.2\spring-boot-starter-3.3.2.jar;C:\Users\denni\.m2\repository\org\springframework\boot\spring-boot\3.3.2\spring-boot-3.3.2.jar;C:\Users\denni\.m2\repository\org\springframework\boot\spring-boot-autoconfigure\3.3.2\spring-boot-autoconfigure-3.3.2.jar;C:\Users\denni\.m2\repository\org\springframework\boot\spring-boot-starter-logging\3.3.2\spring-boot-starter-logging-3.3.2.jar;C:\Users\denni\.m2\repository\ch\qos\logback\logback-classic\1.5.6\logback-classic-1.5.6.jar;C:\Users\denni\.m2\repository\ch\qos\logback\logback-core\1.5.6\logback-core-1.5.6.jar;C:\Users\denni\.m2\repository\org\apache\logging\log4j\log4j-to-slf4j\2.23.1\log4j-to-slf4j-2.23.1.jar;C:\Users\denni\.m2\repository\org\apache\logging\log4j\log4j-api\2.23.1\log4j-api-2.23.1.jar;C:\Users\denni\.m2\repository\org\slf4j\jul-to-slf4j\2.0.13\jul-to-slf4j-2.0.13.jar;C:\Users\denni\.m2\repository\jakarta\annotation\jakarta.annotation-api\2.1.1\jakarta.annotation-api-2.1.1.jar;C:\Users\denni\.m2\repository\org\yaml\snakeyaml\2.2\snakeyaml-2.2.jar;C:\Users\denni\.m2\repository\org\springframework\boot\spring-boot-starter-json\3.3.2\spring-boot-starter-json-3.3.2.jar;C:\Users\denni\.m2\repository\com\fasterxml\jackson\core\jackson-databind\2.17.2\jackson-databind-2.17.2.jar;C:\Users\denni\.m2\repository\com\fasterxml\jackson\core\jackson-annotations\2.17.2\jackson-annotations-2.17.2.jar;C:\Users\denni\.m2\repository\com\fasterxml\jackson\core\jackson-core\2.17.2\jackson-core-2.17.2.jar;C:\Users\denni\.m2\repository\com\fasterxml\jackson\datatype\jackson-datatype-jdk8\2.17.2\jackson-datatype-jdk8-2.17.2.jar;C:\Users\denni\.m2\repository\com\fasterxml\jackson\datatype\jackson-datatype-jsr310\2.17.2\jackson-datatype-jsr310-2.17.2.jar;C:\Users\denni\.m2\repository\com\fasterxml\jackson\module\jackson-module-parameter-names\2.17.2\jackson-module-parameter-names-2.17.2.jar;C:\Users\denni\.m2\repository\org\springframework\boot\spring-boot-starter-tomcat\3.3.2\spring-boot-starter-tomcat-3.3.2.jar;C:\Users\denni\.m2\repository\org\apache\tomcat\embed\tomcat-embed-core\10.1.26\tomcat-embed-core-10.1.26.jar;C:\Users\denni\.m2\repository\org\apache\tomcat\embed\tomcat-embed-el\10.1.26\tomcat-embed-el-10.1.26.jar;C:\Users\denni\.m2\repository\org\apache\tomcat\embed\tomcat-embed-websocket\10.1.26\tomcat-embed-websocket-10.1.26.jar;C:\Users\denni\.m2\repository\org\springframework\spring-web\6.1.11\spring-web-6.1.11.jar;C:\Users\denni\.m2\repository\org\springframework\spring-beans\6.1.11\spring-beans-6.1.11.jar;C:\Users\denni\.m2\repository\io\micrometer\micrometer-observation\1.13.2\micrometer-observation-1.13.2.jar;C:\Users\denni\.m2\repository\io\micrometer\micrometer-commons\1.13.2\micrometer-commons-1.13.2.jar;C:\Users\denni\.m2\repository\org\springframework\spring-webmvc\6.1.11\spring-webmvc-6.1.11.jar;C:\Users\denni\.m2\repository\org\springframework\spring-aop\6.1.11\spring-aop-6.1.11.jar;C:\Users\denni\.m2\repository\org\springframework\spring-context\6.1.11\spring-context-6.1.11.jar;C:\Users\denni\.m2\repository\org\springframework\spring-expression\6.1.11\spring-expression-6.1.11.jar;C:\Users\denni\.m2\repository\org\springframework\boot\spring-boot-starter-test\3.3.2\spring-boot-starter-test-3.3.2.jar;C:\Users\denni\.m2\repository\org\springframework\boot\spring-boot-test\3.3.2\spring-boot-test-3.3.2.jar;C:\Users\denni\.m2\repository\org\springframework\boot\spring-boot-test-autoconfigure\3.3.2\spring-boot-test-autoconfigure-3.3.2.jar;C:\Users\denni\.m2\repository\com\jayway\jsonpath\json-path\2.9.0\json-path-2.9.0.jar;C:\Users\denni\.m2\repository\jakarta\xml\bind\jakarta.xml.bind-api\4.0.2\jakarta.xml.bind-api-4.0.2.jar;C:\Users\denni\.m2\repository\jakarta\activation\jakarta.activation-api\2.1.3\jakarta.activation-api-2.1.3.jar;C:\Users\denni\.m2\repository\net\minidev\json-smart\2.5.1\json-smart-2.5.1.jar;C:\Users\denni\.m2\repository\net\minidev\accessors-smart\2.5.1\accessors-smart-2.5.1.jar;C:\Users\denni\.m2\repository\org\ow2\asm\asm\9.6\asm-9.6.jar;C:\Users\denni\.m2\repository\org\awaitility\awaitility\4.2.1\awaitility-4.2.1.jar;C:\Users\denni\.m2\repository\org\hamcrest\hamcrest\2.2\hamcrest-2.2.jar;C:\Users\denni\.m2\repository\org\junit\jupiter\junit-jupiter\5.10.3\junit-jupiter-5.10.3.jar;C:\Users\denni\.m2\repository\org\junit\jupiter\junit-jupiter-params\5.10.3\junit-jupiter-params-5.10.3.jar;C:\Users\denni\.m2\repository\org\junit\jupiter\junit-jupiter-engine\5.10.3\junit-jupiter-engine-5.10.3.jar;C:\Users\denni\.m2\repository\org\junit\platform\junit-platform-engine\1.10.3\junit-platform-engine-1.10.3.jar;C:\Users\denni\.m2\repository\org\mockito\mockito-core\5.11.0\mockito-core-5.11.0.jar;C:\Users\denni\.m2\repository\net\bytebuddy\byte-buddy-agent\1.14.18\byte-buddy-agent-1.14.18.jar;C:\Users\denni\.m2\repository\org\objenesis\objenesis\3.3\objenesis-3.3.jar;C:\Users\denni\.m2\repository\org\mockito\mockito-junit-jupiter\5.11.0\mockito-junit-jupiter-5.11.0.jar;C:\Users\denni\.m2\repository\org\skyscreamer\jsonassert\1.5.3\jsonassert-1.5.3.jar;C:\Users\denni\.m2\repository\com\vaadin\external\google\android-json\0.0.20131108.vaadin1\android-json-0.0.20131108.vaadin1.jar;C:\Users\denni\.m2\repository\org\springframework\spring-core\6.1.11\spring-core-6.1.11.jar;C:\Users\denni\.m2\repository\org\springframework\spring-jcl\6.1.11\spring-jcl-6.1.11.jar;C:\Users\denni\.m2\repository\org\springframework\spring-test\6.1.11\spring-test-6.1.11.jar;C:\Users\denni\.m2\repository\org\xmlunit\xmlunit-core\2.9.1\xmlunit-core-2.9.1.jar;C:\Users\denni\.m2\repository\org\assertj\assertj-core\3.25.3\assertj-core-3.25.3.jar;C:\Users\denni\.m2\repository\net\bytebuddy\byte-buddy\1.14.18\byte-buddy-1.14.18.jar;C:\Users\denni\.m2\repository\org\testcontainers\junit-jupiter\1.19.7\junit-jupiter-1.19.7.jar;C:\Users\denni\.m2\repository\org\testcontainers\testcontainers\1.19.8\testcontainers-1.19.8.jar;C:\Users\denni\.m2\repository\junit\junit\4.13.2\junit-4.13.2.jar;C:\Users\denni\.m2\repository\org\hamcrest\hamcrest-core\2.2\hamcrest-core-2.2.jar;C:\Users\denni\.m2\repository\org\apache\commons\commons-compress\1.24.0\commons-compress-1.24.0.jar;C:\Users\denni\.m2\repository\org\rnorth\duct-tape\duct-tape\1.0.8\duct-tape-1.0.8.jar;C:\Users\denni\.m2\repository\com\github\docker-java\docker-java-api\3.3.6\docker-java-api-3.3.6.jar;C:\Users\denni\.m2\repository\com\github\docker-java\docker-java-transport-zerodep\3.3.6\docker-java-transport-zerodep-3.3.6.jar;C:\Users\denni\.m2\repository\com\github\docker-java\docker-java-transport\3.3.6\docker-java-transport-3.3.6.jar;C:\Users\denni\.m2\repository\net\java\dev\jna\jna\5.13.0\jna-5.13.0.jar;C:\Users\denni\.m2\repository\org\testcontainers\postgresql\1.19.7\postgresql-1.19.7.jar;C:\Users\denni\.m2\repository\org\testcontainers\jdbc\1.19.8\jdbc-1.19.8.jar;C:\Users\denni\.m2\repository\org\testcontainers\database-commons\1.19.8\database-commons-1.19.8.jar;C:\Users\denni\.m2\repository\org\wiremock\wiremock-standalone\3.7.0\wiremock-standalone-3.7.0.jar;C:\Users\denni\.m2\repository\au\com\dius\pact\consumer\junit5\4.6.11\junit5-4.6.11.jar;C:\Users\denni\.m2\repository\au\com\dius\pact\consumer\4.6.11\consumer-4.6.11.jar;C:\Users\denni\.m2\repository\au\com\dius\pact\core\support\4.6.11\support-4.6.11.jar;C:\Users\denni\.m2\repository\io\github\oshai\kotlin-logging-jvm\5.1.4\kotlin-logging-jvm-5.1.4.jar;C:\Users\denni\.m2\repository\org\jetbrains\kotlin\kotlin-stdlib-jdk8\1.9.24\kotlin-stdlib-jdk8-1.9.24.jar;C:\Users\denni\.m2\repository\commons-codec\commons-codec\1.16.1\commons-codec-1.16.1.jar;C:\Users\denni\.m2\repository\au\com\dius\pact\core\model\4.6.11\model-4.6.11.jar;C:\Users\denni\.m2\repository\au\com\dius\pact\core\pactbroker\4.6.11\pactbroker-4.6.11.jar;C:\Users\denni\.m2\repository\org\apache\commons\commons-collections4\4.4\commons-collections4-4.4.jar;C:\Users\denni\.m2\repository\javax\mail\mail\1.5.0-b01\mail-1.5.0-b01.jar;C:\Users\denni\.m2\repository\javax\activation\activation\1.1\activation-1.1.jar;C:\Users\denni\.m2\repository\io\ktor\ktor-http-jvm\2.3.8\ktor-http-jvm-2.3.8.jar;C:\Users\denni\.m2\repository\org\jetbrains\kotlin\kotlin-stdlib-jdk7\1.9.24\kotlin-stdlib-jdk7-1.9.24.jar;C:\Users\denni\.m2\repository\org\jetbrains\kotlinx\kotlinx-coroutines-jdk8\1.8.1\kotlinx-coroutines-jdk8-1.8.1.jar;C:\Users\denni\.m2\repository\org\jetbrains\kotlinx\kotlinx-coroutines-core-jvm\1.8.1\kotlinx-coroutines-core-jvm-1.8.1.jar;C:\Users\denni\.m2\repository\io\ktor\ktor-utils-jvm\2.3.8\ktor-utils-jvm-2.3.8.jar;C:\Users\denni\.m2\repository\io\ktor\ktor-io-jvm\2.3.8\ktor-io-jvm-2.3.8.jar;C:\Users\denni\.m2\repository\commons-beanutils\commons-beanutils\1.9.4\commons-beanutils-1.9.4.jar;C:\Users\denni\.m2\repository\commons-logging\commons-logging\1.2\commons-logging-1.2.jar;C:\Users\denni\.m2\repository\commons-collections\commons-collections\3.2.2\commons-collections-3.2.2.jar;C:\Users\denni\.m2\repository\au\com\dius\pact\core\matchers\4.6.11\matchers-4.6.11.jar;C:\Users\denni\.m2\repository\io\github\java-diff-utils\java-diff-utils\4.12\java-diff-utils-4.12.jar;C:\Users\denni\.m2\repository\org\atteo\evo-inflector\1.3\evo-inflector-1.3.jar;C:\Users\denni\.m2\repository\com\github\ajalt\mordant\1.2.1\mordant-1.2.1.jar;C:\Users\denni\.m2\repository\com\github\ajalt\colormath\1.2.0\colormath-1.2.0.jar;C:\Users\denni\.m2\repository\com\github\zafarkhaja\java-semver\0.9.0\java-semver-0.9.0.jar;C:\Users\denni\.m2\repository\org\apache\httpcomponents\client5\httpclient5\5.3.1\httpclient5-5.3.1.jar;C:\Users\denni\.m2\repository\org\apache\httpcomponents\core5\httpcore5\5.2.5\httpcore5-5.2.5.jar;C:\Users\denni\.m2\repository\org\apache\httpcomponents\core5\httpcore5-h2\5.2.5\httpcore5-h2-5.2.5.jar;C:\Users\denni\.m2\repository\org\json\json\20240205\json-20240205.jar;C:\Users\denni\.m2\repository\org\apache\httpcomponents\client5\httpclient5-fluent\5.3.1\httpclient5-fluent-5.3.1.jar;C:\Users\denni\.m2\repository\com\googlecode\java-diff-utils\diffutils\1.3.0\diffutils-1.3.0.jar;C:\Users\denni\.m2\repository\dk\brics\automaton\automaton\1.11-8\automaton-1.11-8.jar;C:\Users\denni\.m2\repository\io\netty\netty-handler\4.1.111.Final\netty-handler-4.1.111.Final.jar;C:\Users\denni\.m2\repository\io\netty\netty-common\4.1.111.Final\netty-common-4.1.111.Final.jar;C:\Users\denni\.m2\repository\io\netty\netty-resolver\4.1.111.Final\netty-resolver-4.1.111.Final.jar;C:\Users\denni\.m2\repository\io\netty\netty-buffer\4.1.111.Final\netty-buffer-4.1.111.Final.jar;C:\Users\denni\.m2\repository\io\netty\netty-transport\4.1.111.Final\netty-transport-4.1.111.Final.jar;C:\Users\denni\.m2\repository\io\netty\netty-transport-native-unix-common\4.1.111.Final\netty-transport-native-unix-common-4.1.111.Final.jar;C:\Users\denni\.m2\repository\io\netty\netty-codec\4.1.111.Final\netty-codec-4.1.111.Final.jar;C:\Users\denni\.m2\repository\io\ktor\ktor-server-netty\2.3.8\ktor-server-netty-2.3.8.jar;C:\Users\denni\.m2\repository\org\jetbrains\kotlinx\kotlinx-coroutines-core\1.8.1\kotlinx-coroutines-core-1.8.1.jar;C:\Users\denni\.m2\repository\org\jetbrains\kotlin\kotlin-stdlib-common\1.9.24\kotlin-stdlib-common-1.9.24.jar;C:\Users\denni\.m2\repository\io\ktor\ktor-network-tls-certificates\2.3.8\ktor-network-tls-certificates-2.3.8.jar;C:\Users\denni\.m2\repository\io\ktor\ktor-server-call-logging\2.3.8\ktor-server-call-logging-2.3.8.jar;C:\Users\denni\.m2\repository\io\ktor\ktor-server-core\2.3.8\ktor-server-core-2.3.8.jar;C:\Users\denni\.m2\repository\org\jetbrains\kotlinx\atomicfu\0.19.0\atomicfu-0.19.0.jar;C:\Users\denni\.m2\repository\org\jetbrains\kotlinx\atomicfu-jvm\0.19.0\atomicfu-jvm-0.19.0.jar;C:\Users\denni\.m2\repository\io\ktor\ktor-utils\2.3.8\ktor-utils-2.3.8.jar;C:\Users\denni\.m2\repository\io\ktor\ktor-io\2.3.8\ktor-io-2.3.8.jar;C:\Users\denni\.m2\repository\io\ktor\ktor-http\2.3.8\ktor-http-2.3.8.jar;C:\Users\denni\.m2\repository\io\ktor\ktor-serialization\2.3.8\ktor-serialization-2.3.8.jar;C:\Users\denni\.m2\repository\io\ktor\ktor-websockets\2.3.8\ktor-websockets-2.3.8.jar;C:\Users\denni\.m2\repository\io\ktor\ktor-events\2.3.8\ktor-events-2.3.8.jar;C:\Users\denni\.m2\repository\io\pact\plugin\driver\core\0.4.2\core-0.4.2.jar;C:\Users\denni\.m2\repository\com\vdurmont\semver4j\3.1.0\semver4j-3.1.0.jar;C:\Users\denni\.m2\repository\io\grpc\grpc-protobuf\1.56.1\grpc-protobuf-1.56.1.jar;C:\Users\denni\.m2\repository\io\grpc\grpc-api\1.56.1\grpc-api-1.56.1.jar;C:\Users\denni\.m2\repository\io\grpc\grpc-context\1.56.1\grpc-context-1.56.1.jar;C:\Users\denni\.m2\repository\com\google\code\findbugs\jsr305\3.0.2\jsr305-3.0.2.jar;C:\Users\denni\.m2\repository\com\google\protobuf\protobuf-java\3.22.3\protobuf-java-3.22.3.jar;C:\Users\denni\.m2\repository\com\google\api\grpc\proto-google-common-protos\2.17.0\proto-google-common-protos-2.17.0.jar;C:\Users\denni\.m2\repository\io\grpc\grpc-protobuf-lite\1.56.1\grpc-protobuf-lite-1.56.1.jar;C:\Users\denni\.m2\repository\io\grpc\grpc-stub\1.56.1\grpc-stub-1.56.1.jar;C:\Users\denni\.m2\repository\com\google\errorprone\error_prone_annotations\2.18.0\error_prone_annotations-2.18.0.jar;C:\Users\denni\.m2\repository\io\grpc\grpc-netty\1.56.1\grpc-netty-1.56.1.jar;C:\Users\denni\.m2\repository\io\grpc\grpc-core\1.56.1\grpc-core-1.56.1.jar;C:\Users\denni\.m2\repository\com\google\android\annotations\4.1.1.4\annotations-4.1.1.4.jar;C:\Users\denni\.m2\repository\org\codehaus\mojo\animal-sniffer-annotations\1.23\animal-sniffer-annotations-1.23.jar;C:\Users\denni\.m2\repository\io\netty\netty-codec-http2\4.1.111.Final\netty-codec-http2-4.1.111.Final.jar;C:\Users\denni\.m2\repository\io\netty\netty-codec-http\4.1.111.Final\netty-codec-http-4.1.111.Final.jar;C:\Users\denni\.m2\repository\io\netty\netty-handler-proxy\4.1.111.Final\netty-handler-proxy-4.1.111.Final.jar;C:\Users\denni\.m2\repository\io\netty\netty-codec-socks\4.1.111.Final\netty-codec-socks-4.1.111.Final.jar;C:\Users\denni\.m2\repository\io\perfmark\perfmark-api\0.26.0\perfmark-api-0.26.0.jar;C:\Users\denni\.m2\repository\javax\annotation\javax.annotation-api\1.3.2\javax.annotation-api-1.3.2.jar;C:\Users\denni\.m2\repository\com\google\guava\guava\31.1-jre\guava-31.1-jre.jar;C:\Users\denni\.m2\repository\com\google\guava\failureaccess\1.0.1\failureaccess-1.0.1.jar;C:\Users\denni\.m2\repository\com\google\guava\listenablefuture\9999.0-empty-to-avoid-conflict-with-guava\listenablefuture-9999.0-empty-to-avoid-conflict-with-guava.jar;C:\Users\denni\.m2\repository\org\checkerframework\checker-qual\3.12.0\checker-qual-3.12.0.jar;C:\Users\denni\.m2\repository\com\google\j2objc\j2objc-annotations\1.3\j2objc-annotations-1.3.jar;C:\Users\denni\.m2\repository\javax\json\javax.json-api\1.1.4\javax.json-api-1.1.4.jar;C:\Users\denni\.m2\repository\org\glassfish\javax.json\1.1.4\javax.json-1.1.4.jar;C:\Users\denni\.m2\repository\com\moandjiezana\toml\toml4j\0.7.2\toml4j-0.7.2.jar;C:\Users\denni\.m2\repository\com\google\code\gson\gson\2.10.1\gson-2.10.1.jar;C:\Users\denni\.m2\repository\org\rauschig\jarchivelib\1.2.0\jarchivelib-1.2.0.jar;C:\Users\denni\.m2\repository\org\apache\commons\commons-lang3\3.14.0\commons-lang3-3.14.0.jar;C:\Users\denni\.m2\repository\com\github\mifmif\generex\1.0.2\generex-1.0.2.jar;C:\Users\denni\.m2\repository\commons-io\commons-io\2.14.0\commons-io-2.14.0.jar;C:\Users\denni\.m2\repository\org\apache\commons\commons-text\1.10.0\commons-text-1.10.0.jar;C:\Users\denni\.m2\repository\org\apache\tika\tika-core\2.9.1\tika-core-2.9.1.jar;C:\Users\denni\.m2\repository\org\junit\jupiter\junit-jupiter-api\5.10.3\junit-jupiter-api-5.10.3.jar;C:\Users\denni\.m2\repository\org\opentest4j\opentest4j\1.3.0\opentest4j-1.3.0.jar;C:\Users\denni\.m2\repository\org\junit\platform\junit-platform-commons\1.10.3\junit-platform-commons-1.10.3.jar;C:\Users\denni\.m2\repository\org\apiguardian\apiguardian-api\1.1.2\apiguardian-api-1.1.2.jar;C:\Users\denni\.m2\repository\org\jetbrains\kotlin\kotlin-stdlib\1.9.24\kotlin-stdlib-1.9.24.jar;C:\Users\denni\.m2\repository\org\jetbrains\annotations\13.0\annotations-13.0.jar;C:\Users\denni\.m2\repository\org\jetbrains\kotlin\kotlin-reflect\1.9.24\kotlin-reflect-1.9.24.jar;C:\Users\denni\.m2\repository\org\slf4j\slf4j-api\2.0.13\slf4j-api-2.0.13.jar;C:\Users\denni\.m2\repository\org\jacoco\org.jacoco.agent\0.8.11\org.jacoco.agent-0.8.11.jar;C:\Users\denni\.m2\repository\org\projectlombok\lombok\1.18.34\lombok-1.18.34.jar;"/>
    <property name="sun.cpu.endian" value="little"/>
    <property name="user.home" value="C:\Users\denni"/>
    <property name="user.language" value="de"/>
    <property name="java.specification.vendor" value="Oracle Corporation"/>
    <property name="java.version.date" value="2024-07-16"/>
    <property name="java.home" value="C:\Program Files\Java\jdk-22"/>
    <property name="file.separator" value="\"/>
    <property name="basedir" value="C:\Users\denni\git\devops\order-backend"/>
    <property name="java.vm.compressedOopsMode" value="Zero based"/>
    <property name="line.separator" value="&#10;"/>
    <property name="java.vm.specification.vendor" value="Oracle Corporation"/>
    <property name="java.specification.name" value="Java Platform API Specification"/>
    <property name="FILE_LOG_CHARSET" value="UTF-8"/>
    <property name="skipITs" value="true"/>
    <property name="java.awt.headless" value="true"/>
    <property name="surefire.real.class.path" value="C:\Users\denni\AppData\Local\Temp\surefire9240435659603089386\surefirebooter-20251005112742839_6.jar"/>
    <property name="user.script" value=""/>
    <property name="sun.management.compiler" value="HotSpot 64-Bit Tiered Compilers"/>
    <property name="java.runtime.version" value="22.0.2+9-70"/>
    <property name="user.name" value="denni"/>
    <property name="stdout.encoding" value="Cp1252"/>
    <property name="path.separator" value=";"/>
    <property name="os.version" value="10.0"/>
    <property name="java.runtime.name" value="Java(TM) SE Runtime Environment"/>
    <property name="file.encoding" value="UTF-8"/>
    <property name="java.vm.name" value="Java HotSpot(TM) 64-Bit Server VM"/>
    <property name="localRepository" value="C:\Users\denni\.m2\repository"/>
    <property name="java.vendor.url.bug" value="https://bugreport.java.com/bugreport/"/>
    <property name="java.io.tmpdir" value="C:\Users\denni\AppData\Local\Temp\"/>
    <property name="java.version" value="22.0.2"/>
    <property name="user.dir" value="C:\Users\denni\git\devops\order-backend"/>
    <property name="os.arch" value="amd64"/>
    <property name="java.vm.specification.name" value="Java Virtual Machine Specification"/>
    <property name="PID" value="4232"/>
    <property name="sun.os.patch.level" value=""/>
    <property name="CONSOLE_LOG_CHARSET" value="UTF-8"/>
    <property name="native.encoding" value="Cp1252"/>
    <property name="java.library.path" value="C:\Program Files\Java\jdk-22\bin;C:\WINDOWS\Sun\Java\bin;C:\WINDOWS\system32;C:\WINDOWS;C:\Program Files\Git\mingw64\bin;C:\Program Files\Git\usr\bin;C:\Users\denni\bin;C:\Python313\Scripts;C:\Python313;C:\Program Files\Common Files\Oracle\Java\javapath;C:\WINDOWS\system32;C:\WINDOWS;C:\WINDOWS\System32\Wbem;C:\WINDOWS\System32\WindowsPowerShell\v1.0;C:\WINDOWS\System32\OpenSSH;C:\Program Files\Git\cmd;C:\Program Files\RedHat\Podman;C:\Program Files\nodejs;C:\ProgramData\chocolatey\bin;C:\Users\denni\AppData\Local\Microsoft\WindowsApps;C:\Users\denni\AppData\Local\JetBrains\Toolbox\scripts;C:\Program Files\apache-maven-3.9.9\bin;C:\texlive\2024\bin\windows;C:\Users\denni\AppData\Local\Programs\Microsoft VS Code\bin;C:\Users\denni\AppData\Local\Microsoft\WindowsApps;C:\Users\denni\AppData\Local\Microsoft\WinGet\Packages\Schniz.fnm_Microsoft.Winget.Source_8wekyb3d8bbwe;C:\Users\denni\AppData\Roaming\npm;."/>
    <property name="java.vm.info" value="mixed mode, sharing"/>
    <property name="stderr.encoding" value="Cp1252"/>
    <property name="java.vendor" value="Oracle Corporation"/>
    <property name="java.vm.version" value="22.0.2+9-70"/>
    <property name="sun.io.unicode.encoding" value="UnicodeLittle"/>
    <property name="java.class.version" value="66.0"/>
  </properties>
  <testcase name="paid_order_cannot_be_cancelled" classname="auftragsverwaltung.domain.OrderDomainTest" time="0.028"/>
  <testcase name="total_order_price_is_correct" classname="auftragsverwaltung.domain.OrderDomainTest" time="0.003"/>
</testsuite>